<?xml version="1.0" encoding="UTF-8"?>
<!-- Generated by org.testng.reporters.JUnitReportReporter -->
<testsuite hostname="SAMPATH" failures="0" tests="1" name="com.O_HRM.TestCases.TestCase_Reports_004" time="10.147" errors="0" timestamp="27 Feb 2022 05:07:52 GMT" skipped="0">
  <testcase classname="com.O_HRM.TestCases.TestCase_Reports_004" name="searchReports" time="10.147"/>
</testsuite> <!-- com.O_HRM.TestCases.TestCase_Reports_004 -->
