<?xml version="1.0" encoding="UTF-8"?>
<!-- Generated by org.testng.reporters.JUnitReportReporter -->
<testsuite hostname="SAMPATH" failures="0" tests="1" name="com.O_HRM.TestCases.TestCase_LoginTest_001" time="6.998" errors="0" timestamp="20 Feb 2022 17:09:18 GMT" skipped="0">
  <testcase classname="com.O_HRM.TestCases.TestCase_LoginTest_001" name="LoginTest" time="6.998"/>
</testsuite> <!-- com.O_HRM.TestCases.TestCase_LoginTest_001 -->
