<?xml version="1.0" encoding="UTF-8"?>
<!-- Generated by org.testng.reporters.JUnitReportReporter -->
<testsuite hostname="SAMPATH" failures="0" tests="1" name="com.O_HRM.TestCases.TestCase_SearchName_002" time="17.168" errors="0" timestamp="21 Feb 2022 16:48:14 GMT" skipped="0">
  <testcase classname="com.O_HRM.TestCases.TestCase_SearchName_002" name="searchEmpName" time="17.168"/>
</testsuite> <!-- com.O_HRM.TestCases.TestCase_SearchName_002 -->
