<?xml version="1.0" encoding="UTF-8"?>
<!-- Generated by org.testng.reporters.JUnitReportReporter -->
<testsuite hostname="SAMPATH" failures="0" tests="1" name="com.O_HRM.TestCases.TestCase_AddEmployee_003" time="47.984" errors="0" timestamp="26 Feb 2022 15:57:48 GMT" skipped="0">
  <testcase classname="com.O_HRM.TestCases.TestCase_AddEmployee_003" name="addingEmployee" time="47.984"/>
</testsuite> <!-- com.O_HRM.TestCases.TestCase_AddEmployee_003 -->
