<?xml version="1.0" encoding="UTF-8"?>
<!-- Generated by org.testng.reporters.JUnitReportReporter -->
<testsuite hostname="SAMPATH" failures="0" tests="1" name="com.O_HRM.TestCases.TestCase_Leave_005" time="19.153" errors="0" timestamp="27 Feb 2022 10:48:24 GMT" skipped="0">
  <testcase classname="com.O_HRM.TestCases.TestCase_Leave_005" name="leaveportal" time="19.153"/>
</testsuite> <!-- com.O_HRM.TestCases.TestCase_Leave_005 -->
